<?xml version="1.0" encoding="UTF-8"?>
<!-- Generated by org.testng.reporters.JUnitXMLReporter -->
<testsuite ignored="0" hostname="DESKTOP-QI6H2EA" failures="0" tests="3" name="Default test" time="17.621" errors="0" timestamp="2024-02-13T12:27:53 IST">
  <testcase classname="com.qa.openkart.test.LoginPageTest" name="loginPagenavigationTest" time="1.218"/>
  <testcase classname="com.qa.openkart.test.LoginPageTest" name="forgotPwdLinkExist" time="0.038"/>
  <testcase classname="com.qa.openkart.test.LoginPageTest" name="loginTest" time="1.11"/>
</testsuite> <!-- Default test -->
