<?xml version="1.0" encoding="UTF-8"?>
<!-- Generated by org.testng.reporters.JUnitXMLReporter -->
<testsuite ignored="0" hostname="DESKTOP-QI6H2EA" failures="0" tests="3" name="Open Cart Login Page Test_safari" time="27.152" errors="0" timestamp="2024-02-15T08:42:33 IST">
  <testcase classname="com.qa.openkart.test.LoginPageTest" name="loginPagenavigationTest" time="0.941"/>
  <testcase classname="com.qa.openkart.test.LoginPageTest" name="forgotPwdLinkExist" time="0.018"/>
  <testcase classname="com.qa.openkart.test.LoginPageTest" name="loginTest" time="1.076"/>
</testsuite> <!-- Open Cart Login Page Test_safari -->
