<?xml version="1.0" encoding="UTF-8"?>
<!-- Generated by org.testng.reporters.JUnitXMLReporter -->
<testsuite ignored="0" hostname="DESKTOP-QI6H2EA" failures="0" tests="4" name="Open Cart Home Page Test_chrome" time="32.996" errors="0" timestamp="2024-02-15T08:42:38 IST">
  <testcase classname="com.qa.openkart.test.HomepageTest" name="homepageTitle" time="0.061"/>
  <testcase classname="com.qa.openkart.test.HomepageTest" name="homepageURL" time="0.006"/>
  <testcase classname="com.qa.openkart.test.HomepageTest" name="search" time="3.703"/>
  <testcase classname="com.qa.openkart.test.HomepageTest" name="search" time="3.734"/>
</testsuite> <!-- Open Cart Home Page Test_chrome -->
