<?xml version="1.0" encoding="UTF-8"?>
<testng-results ignored="0" total="7" passed="7" failed="0" skipped="0">
  <reporter-output>
  </reporter-output>
  <suite started-at="2024-02-15T08:42:05 IST" name="Open Cart Test Regression PW Suite" finished-at="2024-02-15T08:42:38 IST" duration-ms="32996">
    <groups>
    </groups>
    <test started-at="2024-02-15T08:42:05 IST" name="Open Cart Login Page Test_safari" finished-at="2024-02-15T08:42:32 IST" duration-ms="27152">
      <class name="com.qa.openkart.test.LoginPageTest">
        <test-method is-config="true" signature="setupMethod()[pri:0, instance:com.qa.openkart.test.LoginPageTest@34bde49d]" started-at="2024-02-15T08:42:05 IST" name="setupMethod" finished-at="2024-02-15T08:42:28 IST" duration-ms="23167" status="PASS">
          <reporter-output>
          </reporter-output>
        </test-method> <!-- setupMethod -->
        <test-method signature="loginPagenavigationTest()[pri:1, instance:com.qa.openkart.test.LoginPageTest@34bde49d]" started-at="2024-02-15T08:42:28 IST" name="loginPagenavigationTest" finished-at="2024-02-15T08:42:29 IST" duration-ms="941" status="PASS">
          <reporter-output>
          </reporter-output>
        </test-method> <!-- loginPagenavigationTest -->
        <test-method signature="forgotPwdLinkExist()[pri:2, instance:com.qa.openkart.test.LoginPageTest@34bde49d]" started-at="2024-02-15T08:42:30 IST" name="forgotPwdLinkExist" finished-at="2024-02-15T08:42:30 IST" duration-ms="18" status="PASS">
          <reporter-output>
          </reporter-output>
        </test-method> <!-- forgotPwdLinkExist -->
        <test-method signature="loginTest()[pri:3, instance:com.qa.openkart.test.LoginPageTest@34bde49d]" started-at="2024-02-15T08:42:30 IST" name="loginTest" finished-at="2024-02-15T08:42:31 IST" duration-ms="1076" status="PASS">
          <reporter-output>
          </reporter-output>
        </test-method> <!-- loginTest -->
        <test-method is-config="true" signature="tearDown()[pri:0, instance:com.qa.openkart.test.LoginPageTest@34bde49d]" started-at="2024-02-15T08:42:31 IST" name="tearDown" finished-at="2024-02-15T08:42:32 IST" duration-ms="507" status="PASS">
          <reporter-output>
          </reporter-output>
        </test-method> <!-- tearDown -->
      </class> <!-- com.qa.openkart.test.LoginPageTest -->
    </test> <!-- Open Cart Login Page Test_safari -->
    <test started-at="2024-02-15T08:42:05 IST" name="Open Cart Home Page Test_chrome" finished-at="2024-02-15T08:42:38 IST" duration-ms="32996">
      <class name="com.qa.openkart.test.HomepageTest">
        <test-method is-config="true" signature="setupMethod()[pri:0, instance:com.qa.openkart.test.HomepageTest@6f01b95f]" started-at="2024-02-15T08:42:05 IST" name="setupMethod" finished-at="2024-02-15T08:42:26 IST" duration-ms="21753" status="PASS">
          <reporter-output>
          </reporter-output>
        </test-method> <!-- setupMethod -->
        <test-method signature="homepageTitle()[pri:1, instance:com.qa.openkart.test.HomepageTest@6f01b95f]" started-at="2024-02-15T08:42:26 IST" name="homepageTitle" finished-at="2024-02-15T08:42:27 IST" duration-ms="61" status="PASS">
          <reporter-output>
          </reporter-output>
        </test-method> <!-- homepageTitle -->
        <test-method signature="homepageURL()[pri:2, instance:com.qa.openkart.test.HomepageTest@6f01b95f]" started-at="2024-02-15T08:42:28 IST" name="homepageURL" finished-at="2024-02-15T08:42:28 IST" duration-ms="6" status="PASS">
          <reporter-output>
          </reporter-output>
        </test-method> <!-- homepageURL -->
        <test-method signature="search(java.lang.String)[pri:3, instance:com.qa.openkart.test.HomepageTest@6f01b95f]" started-at="2024-02-15T08:42:28 IST" name="search" data-provider="productName" finished-at="2024-02-15T08:42:32 IST" duration-ms="3703" status="PASS">
          <params>
            <param index="0">
              <value>
                <![CDATA[Samsung]]>
              </value>
            </param>
          </params>
          <reporter-output>
          </reporter-output>
        </test-method> <!-- search -->
        <test-method signature="search(java.lang.String)[pri:3, instance:com.qa.openkart.test.HomepageTest@6f01b95f]" started-at="2024-02-15T08:42:33 IST" name="search" data-provider="productName" finished-at="2024-02-15T08:42:37 IST" duration-ms="3734" status="PASS">
          <params>
            <param index="0">
              <value>
                <![CDATA[Iphone]]>
              </value>
            </param>
          </params>
          <reporter-output>
          </reporter-output>
        </test-method> <!-- search -->
        <test-method is-config="true" signature="tearDown()[pri:0, instance:com.qa.openkart.test.HomepageTest@6f01b95f]" started-at="2024-02-15T08:42:37 IST" name="tearDown" finished-at="2024-02-15T08:42:38 IST" duration-ms="461" status="PASS">
          <reporter-output>
          </reporter-output>
        </test-method> <!-- tearDown -->
      </class> <!-- com.qa.openkart.test.HomepageTest -->
    </test> <!-- Open Cart Home Page Test_chrome -->
  </suite> <!-- Open Cart Test Regression PW Suite -->
</testng-results>
